<?xml version="1.0" encoding="UTF-8"?>
<!-- Generated by org.testng.reporters.JUnitReportReporter -->
<testsuite hostname="Jacq-PC" name="testscript.WebPage" tests="1" failures="0" timestamp="5 Sep 2019 12:42:53 GMT" time="84.145" errors="0">
  <testcase name="AmazonPage" time="84.145" classname="testscript.WebPage"/>
</testsuite> <!-- testscript.WebPage -->
